<?xml version="1.0" encoding="UTF-8"?>
<!-- Generated by org.testng.reporters.JUnitReportReporter -->
<testsuite skipped="0" hostname="Neelima-PC" name="testcases.TC001_Get_All_Employees" tests="9" failures="0" timestamp="4 Sep 2019 14:16:53 GMT" time="0.432" errors="0">
  <testcase name="checkContentLenght" time="0.003" classname="testcases.TC001_Get_All_Employees"/>
  <testcase name="checkContentType" time="0.005" classname="testcases.TC001_Get_All_Employees"/>
  <testcase name="checkcontentEncoding" time="0.036" classname="testcases.TC001_Get_All_Employees"/>
  <testcase name="checkCookies" time="0.004" classname="testcases.TC001_Get_All_Employees"/>
  <testcase name="checkResposeBody" time="0.373" classname="testcases.TC001_Get_All_Employees"/>
  <testcase name="checkserverType" time="0.003" classname="testcases.TC001_Get_All_Employees"/>
  <testcase name="checkStatusCode" time="0.003" classname="testcases.TC001_Get_All_Employees"/>
  <testcase name="checkResponseTime" time="0.003" classname="testcases.TC001_Get_All_Employees"/>
  <testcase name="checkstatusLine" time="0.002" classname="testcases.TC001_Get_All_Employees"/>
</testsuite> <!-- testcases.TC001_Get_All_Employees -->
