<?xml version="1.0" encoding="UTF-8"?>
<!-- Generated by org.testng.reporters.JUnitReportReporter -->
<testsuite skipped="0" hostname="Neelima-PC" name="testcases.TC002_Get_Single_Employee_Record" tests="7" failures="0" timestamp="4 Sep 2019 14:21:58 GMT" time="0.191" errors="0">
  <testcase name="checkContentLenght" time="0.041" classname="testcases.TC002_Get_Single_Employee_Record"/>
  <testcase name="checkContentType" time="0.003" classname="testcases.TC002_Get_Single_Employee_Record"/>
  <testcase name="checkstatusLine" time="0.002" classname="testcases.TC002_Get_Single_Employee_Record"/>
  <testcase name="checkStatusCode" time="0.002" classname="testcases.TC002_Get_Single_Employee_Record"/>
  <testcase name="checkserverType" time="0.002" classname="testcases.TC002_Get_Single_Employee_Record"/>
  <testcase name="checkResposeBody" time="0.137" classname="testcases.TC002_Get_Single_Employee_Record"/>
  <testcase name="checkResponseTime" time="0.004" classname="testcases.TC002_Get_Single_Employee_Record"/>
</testsuite> <!-- testcases.TC002_Get_Single_Employee_Record -->
